# JRE version: Java(TM) SE Runtime Environment (8.0_141-b15) (build 1.8.0_141-b15)
# Java VM: Java HotSpot(TM) 64-Bit Server VM (25.141-b15 mixed mode windows-amd64 compressed oops)
Heap:
 PSYoungGen      total 105984K, used 29740K [0x0000000780e00000, 0x000000078bb00000, 0x00000007c0000000)
  eden space 98304K, 22% used [0x0000000780e00000,0x0000000782390a10,0x0000000786e00000)
  from space 7680K, 99% used [0x0000000786e00000,0x000000078757a8a0,0x0000000787580000)
  to   space 21504K, 0% used [0x000000078a600000,0x000000078a600000,0x000000078bb00000)
 ParOldGen       total 116736K, used 41408K [0x0000000702a00000, 0x0000000709c00000, 0x0000000780e00000)
  object space 116736K, 35% used [0x0000000702a00000,0x0000000705270288,0x0000000709c00000)
 Metaspace       used 23495K, capacity 24074K, committed 24192K, reserved 1071104K
  class space    used 2765K, capacity 2887K, committed 2944K, reserved 1048576K
GC Heap History (10 events):
Event: 4.434 GC heap before
{Heap before GC invocations=4 (full 0):
 PSYoungGen      total 56832K, used 56808K [0x0000000780e00000, 0x0000000787d00000, 0x00000007c0000000)
  eden space 49152K, 100% used [0x0000000780e00000,0x0000000783e00000,0x0000000783e00000)
  from space 7680K, 99% used [0x0000000783e00000,0x000000078457a040,0x0000000784580000)
  to   space 7680K, 0% used [0x0000000787580000,0x0000000787580000,0x0000000787d00000)
 ParOldGen       total 130048K, used 6950K [0x0000000702a00000, 0x000000070a900000, 0x0000000780e00000)
  object space 130048K, 5% used [0x0000000702a00000,0x00000007030c9b38,0x000000070a900000)
 Metaspace       used 15937K, capacity 16270K, committed 16384K, reserved 1062912K
  class space    used 1896K, capacity 1977K, committed 2048K, reserved 1048576K
Event: 4.479 GC heap after
Heap after GC invocations=4 (full 0):
 PSYoungGen      total 105984K, used 7656K [0x0000000780e00000, 0x0000000787d00000, 0x00000007c0000000)
  eden space 98304K, 0% used [0x0000000780e00000,0x0000000780e00000,0x0000000786e00000)
  from space 7680K, 99% used [0x0000000787580000,0x0000000787cfa020,0x0000000787d00000)
  to   space 7680K, 0% used [0x0000000786e00000,0x0000000786e00000,0x0000000787580000)
 ParOldGen       total 130048K, used 11806K [0x0000000702a00000, 0x000000070a900000, 0x0000000780e00000)
  object space 130048K, 9% used [0x0000000702a00000,0x0000000703587ba8,0x000000070a900000)
 Metaspace       used 15937K, capacity 16270K, committed 16384K, reserved 1062912K
  class space    used 1896K, capacity 1977K, committed 2048K, reserved 1048576K
}
Event: 5.530 GC heap before
{Heap before GC invocations=5 (full 0):
 PSYoungGen      total 105984K, used 105960K [0x0000000780e00000, 0x0000000787d00000, 0x00000007c0000000)
  eden space 98304K, 100% used [0x0000000780e00000,0x0000000786e00000,0x0000000786e00000)
  from space 7680K, 99% used [0x0000000787580000,0x0000000787cfa020,0x0000000787d00000)
  to   space 7680K, 0% used [0x0000000786e00000,0x0000000786e00000,0x0000000787580000)
 ParOldGen       total 130048K, used 11806K [0x0000000702a00000, 0x000000070a900000, 0x0000000780e00000)
  object space 130048K, 9% used [0x0000000702a00000,0x0000000703587ba8,0x000000070a900000)
 Metaspace       used 16442K, capacity 16804K, committed 16896K, reserved 1064960K
  class space    used 1914K, capacity 2018K, committed 2048K, reserved 1048576K
Event: 5.569 GC heap after
Heap after GC invocations=5 (full 0):
 PSYoungGen      total 105984K, used 7672K [0x0000000780e00000, 0x0000000787d00000, 0x00000007c0000000)
  eden space 98304K, 0% used [0x0000000780e00000,0x0000000780e00000,0x0000000786e00000)
  from space 7680K, 99% used [0x0000000786e00000,0x000000078757e050,0x0000000787580000)
  to   space 7680K, 0% used [0x0000000787580000,0x0000000787580000,0x0000000787d00000)
 ParOldGen       total 130048K, used 20394K [0x0000000702a00000, 0x000000070a900000, 0x0000000780e00000)
  object space 130048K, 15% used [0x0000000702a00000,0x0000000703deaa18,0x000000070a900000)
 Metaspace       used 16442K, capacity 16804K, committed 16896K, reserved 1064960K
  class space    used 1914K, capacity 2018K, committed 2048K, reserved 1048576K
}
Event: 8.754 GC heap before
{Heap before GC invocations=6 (full 0):
 PSYoungGen      total 105984K, used 71819K [0x0000000780e00000, 0x0000000787d00000, 0x00000007c0000000)
  eden space 98304K, 65% used [0x0000000780e00000,0x0000000784ca4ec0,0x0000000786e00000)
  from space 7680K, 99% used [0x0000000786e00000,0x000000078757e050,0x0000000787580000)
  to   space 7680K, 0% used [0x0000000787580000,0x0000000787580000,0x0000000787d00000)
 ParOldGen       total 130048K, used 20394K [0x0000000702a00000, 0x000000070a900000, 0x0000000780e00000)
  object space 130048K, 15% used [0x0000000702a00000,0x0000000703deaa18,0x000000070a900000)
 Metaspace       used 20662K, capacity 21120K, committed 21296K, reserved 1069056K
  class space    used 2472K, capacity 2586K, committed 2688K, reserved 1048576K
Event: 8.799 GC heap after
Heap after GC invocations=6 (full 0):
 PSYoungGen      total 105984K, used 7656K [0x0000000780e00000, 0x0000000787d00000, 0x00000007c0000000)
  eden space 98304K, 0% used [0x0000000780e00000,0x0000000780e00000,0x0000000786e00000)
  from space 7680K, 99% used [0x0000000787580000,0x0000000787cfa020,0x0000000787d00000)
  to   space 7680K, 0% used [0x0000000786e00000,0x0000000786e00000,0x0000000787580000)
 ParOldGen       total 130048K, used 24996K [0x0000000702a00000, 0x000000070a900000, 0x0000000780e00000)
  object space 130048K, 19% used [0x0000000702a00000,0x00000007042691a8,0x000000070a900000)
 Metaspace       used 20662K, capacity 21120K, committed 21296K, reserved 1069056K
  class space    used 2472K, capacity 2586K, committed 2688K, reserved 1048576K
}
Event: 8.799 GC heap before
{Heap before GC invocations=7 (full 1):
 PSYoungGen      total 105984K, used 7656K [0x0000000780e00000, 0x0000000787d00000, 0x00000007c0000000)
  eden space 98304K, 0% used [0x0000000780e00000,0x0000000780e00000,0x0000000786e00000)
  from space 7680K, 99% used [0x0000000787580000,0x0000000787cfa020,0x0000000787d00000)
  to   space 7680K, 0% used [0x0000000786e00000,0x0000000786e00000,0x0000000787580000)
 ParOldGen       total 130048K, used 24996K [0x0000000702a00000, 0x000000070a900000, 0x0000000780e00000)
  object space 130048K, 19% used [0x0000000702a00000,0x00000007042691a8,0x000000070a900000)
 Metaspace       used 20662K, capacity 21120K, committed 21296K, reserved 1069056K
  class space    used 2472K, capacity 2586K, committed 2688K, reserved 1048576K
Event: 9.197 GC heap after
Heap after GC invocations=7 (full 1):
 PSYoungGen      total 105984K, used 0K [0x0000000780e00000, 0x0000000787d00000, 0x00000007c0000000)
  eden space 98304K, 0% used [0x0000000780e00000,0x0000000780e00000,0x0000000786e00000)
  from space 7680K, 0% used [0x0000000787580000,0x0000000787580000,0x0000000787d00000)
  to   space 7680K, 0% used [0x0000000786e00000,0x0000000786e00000,0x0000000787580000)
 ParOldGen       total 116736K, used 27958K [0x0000000702a00000, 0x0000000709c00000, 0x0000000780e00000)
  object space 116736K, 23% used [0x0000000702a00000,0x000000070454d9b8,0x0000000709c00000)
 Metaspace       used 20662K, capacity 21120K, committed 21296K, reserved 1069056K
  class space    used 2472K, capacity 2586K, committed 2688K, reserved 1048576K
}
Event: 11.029 GC heap before
{Heap before GC invocations=8 (full 1):
 PSYoungGen      total 105984K, used 98304K [0x0000000780e00000, 0x0000000787d00000, 0x00000007c0000000)
  eden space 98304K, 100% used [0x0000000780e00000,0x0000000786e00000,0x0000000786e00000)
  from space 7680K, 0% used [0x0000000787580000,0x0000000787580000,0x0000000787d00000)
  to   space 7680K, 0% used [0x0000000786e00000,0x0000000786e00000,0x0000000787580000)
 ParOldGen       total 116736K, used 27958K [0x0000000702a00000, 0x0000000709c00000, 0x0000000780e00000)
  object space 116736K, 23% used [0x0000000702a00000,0x000000070454d9b8,0x0000000709c00000)
 Metaspace       used 23324K, capacity 23882K, committed 24192K, reserved 1071104K
  class space    used 2756K, capacity 2887K, committed 2944K, reserved 1048576K
Event: 11.062 GC heap after
Heap after GC invocations=8 (full 1):
 PSYoungGen      total 105984K, used 7658K [0x0000000780e00000, 0x000000078bb00000, 0x00000007c0000000)
  eden space 98304K, 0% used [0x0000000780e00000,0x0000000780e00000,0x0000000786e00000)
  from space 7680K, 99% used [0x0000000786e00000,0x000000078757a8a0,0x0000000787580000)
  to   space 21504K, 0% used [0x000000078a600000,0x000000078a600000,0x000000078bb00000)
 ParOldGen       total 116736K, used 41408K [0x0000000702a00000, 0x0000000709c00000, 0x0000000780e00000)
  object space 116736K, 35% used [0x0000000702a00000,0x0000000705270288,0x0000000709c00000)
 Metaspace       used 23324K, capacity 23882K, committed 24192K, reserved 1071104K
  class space    used 2756K, capacity 2887K, committed 2944K, reserved 1048576K
}

